synthesis:  version Radiant Software (64-bit) 2023.1.0.43.3

Copyright (c) 1991-1994 by NeoCAD Inc. All rights reserved.
Copyright (c) 1995 AT&T Corp.   All rights reserved.
Copyright (c) 1995-2001 Lucent Technologies Inc.  All rights reserved.
Copyright (c) 2001 Agere Systems   All rights reserved.
Copyright (c) 2002-2023 Lattice Semiconductor Corporation,  All rights reserved.
Fri Dec  1 18:03:08 2023


Command Line:  C:\lscc\radiant\2023.1\ispfpga\bin\nt64\synthesis.exe -f FinalProject_impl_1_lattice.synproj -gui -msgset Z:/Radiant/JumboDash/JumboDash/promote.xml 

Synthesis options:
The -a option is iCE40UP.
The -t option is SG48.
The -sp option is High-Performance_1.2V.
The -p option is iCE40UP5K.
                                                          


##########################################################


### Lattice Family     : iCE40UP


### Device             : iCE40UP5K


### Package            : SG48


### Performance Grade  : High-Performance_1.2V


                                                         


INFO <35001786> - synthesis: User-Selected Strategy Settings
Optimization goal = Area
Top-level module name = top.
Target frequency = 200.000000 MHz.
Maximum fanout = 1000.
Timing path count = 3 (default)
RWCheckOnRam = 0

BRAM utilization = 100.000000 %
DSP usage = true
DSP utilization = 100.000000 %
fsm_encoding_style = auto
resolve_mixed_drivers = 0
fix_gated_clocks = 1


Mux style = auto (Default)
Use Carry Chain = true
carry_chain_length = 0
Loop Limit = 1950.
Use IO Insertion = TRUE
Use IO Reg = AUTO

Resource Sharing = TRUE
Propagate Constants = TRUE
Remove Duplicate Registers = TRUE
Output HDL file name = FinalProject_impl_1.vm.
ROM style = auto
RAM style = auto
The -comp option is FALSE.
The -syn option is FALSE.
-sdc option: SDC file input is FinalProject_impl_1_cpe.ldc.
-vh2008

-path C:/lscc/radiant/2023.1/ispfpga/ice40tp/data (searchpath added)
-path Z:/Radiant/JumboDash/JumboDash (searchpath added)
-path Z:/Radiant/JumboDash/JumboDash/impl_1 (searchpath added)
-path Z:/Radiant/JumboDash/JumboDash/mypll (searchpath added)
Mixed language design
Verilog design file = C:/lscc/radiant/2023.1/ip/pmi/pmi_iCE40UP.v
Verilog design file = Z:/Radiant/JumboDash/JumboDash/mypll/rtl/mypll.v
VHDL library = pmi
VHDL design file = C:/lscc/radiant/2023.1/ip/pmi/pmi_iCE40UP.vhd
VHDL library = work
VHDL design file = Z:/Radiant/JumboDash/JumboDash/source/impl_1/top.vhd
VHDL library = work
VHDL design file = Z:/Radiant/JumboDash/JumboDash/source/impl_1/vga.vhd
VHDL library = work
VHDL design file = Z:/Radiant/JumboDash/JumboDash/source/impl_1/ROM.vhd
VHDL library = work
VHDL design file = Z:/Radiant/JumboDash/JumboDash/source/impl_1/cube_gen.vhd
VHDL library = work
VHDL design file = Z:/Radiant/JumboDash/JumboDash/source/impl_1/jump.vhd
VHDL library = work
VHDL design file = Z:/Radiant/JumboDash/JumboDash/source/impl_1/controller.vhd
The -r option is OFF. [ Remove LOC Properties is OFF. ]
WARNING <35935050> - synthesis: input port TRIM9 is not connected on this instance. VDB-5050
WARNING <35935050> - synthesis: input port TRIM8 is not connected on this instance. VDB-5050
WARNING <35935050> - synthesis: input port TRIM7 is not connected on this instance. VDB-5050
WARNING <35935050> - synthesis: input port TRIM6 is not connected on this instance. VDB-5050
WARNING <35935050> - synthesis: input port TRIM5 is not connected on this instance. VDB-5050
WARNING <35935050> - synthesis: input port TRIM4 is not connected on this instance. VDB-5050
WARNING <35935050> - synthesis: input port TRIM3 is not connected on this instance. VDB-5050
WARNING <35935050> - synthesis: input port TRIM2 is not connected on this instance. VDB-5050
WARNING <35935050> - synthesis: input port TRIM1 is not connected on this instance. VDB-5050
WARNING <35935050> - synthesis: input port TRIM0 is not connected on this instance. VDB-5050
WARNING <35935050> - synthesis: input port I is not connected on this instance. VDB-5050
Compile design.
Compile Design Begin
Analyzing Verilog file c:/lscc/radiant/2023.1/ip/pmi/pmi_ice40up.v. VERI-1482
INFO <35901328> - synthesis: c:/lscc/radiant/2023.1/ip/pmi/pmi_ice40up.v(1): analyzing included file c:/lscc/radiant/2023.1/ip/pmi/pmi_addsub.v. VERI-1328
INFO <35901328> - synthesis: c:/lscc/radiant/2023.1/ip/pmi/pmi_addsub.v(40): analyzing included file c:/lscc/radiant/2023.1/ip/pmi/../common/adder_subtractor/rtl/lscc_add_sub.v. VERI-1328
INFO <35901328> - synthesis: c:/lscc/radiant/2023.1/ip/pmi/pmi_ice40up.v(2): analyzing included file c:/lscc/radiant/2023.1/ip/pmi/pmi_add.v. VERI-1328
INFO <35901328> - synthesis: c:/lscc/radiant/2023.1/ip/pmi/pmi_add.v(50): analyzing included file c:/lscc/radiant/2023.1/ip/pmi/../common/adder/rtl/lscc_adder.v. VERI-1328
INFO <35901328> - synthesis: c:/lscc/radiant/2023.1/ip/pmi/pmi_ice40up.v(3): analyzing included file c:/lscc/radiant/2023.1/ip/pmi/pmi_complex_mult.v. VERI-1328
INFO <35901328> - synthesis: c:/lscc/radiant/2023.1/ip/pmi/pmi_complex_mult.v(52): analyzing included file c:/lscc/radiant/2023.1/ip/pmi/../common/complex_mult/rtl/lscc_complex_mult.v. VERI-1328
INFO <35901328> - synthesis: c:/lscc/radiant/2023.1/ip/pmi/pmi_ice40up.v(4): analyzing included file c:/lscc/radiant/2023.1/ip/pmi/pmi_counter.v. VERI-1328
INFO <35901328> - synthesis: c:/lscc/radiant/2023.1/ip/pmi/pmi_counter.v(39): analyzing included file c:/lscc/radiant/2023.1/ip/pmi/../common/counter/rtl/lscc_cntr.v. VERI-1328
INFO <35901328> - synthesis: c:/lscc/radiant/2023.1/ip/pmi/pmi_ice40up.v(5): analyzing included file c:/lscc/radiant/2023.1/ip/pmi/pmi_fifo.v. VERI-1328
INFO <35901328> - synthesis: c:/lscc/radiant/2023.1/ip/pmi/pmi_fifo.v(44): analyzing included file c:/lscc/radiant/2023.1/ip/pmi/../avant/fifo/rtl/lscc_fifo.v. VERI-1328
INFO <35901328> - synthesis: c:/lscc/radiant/2023.1/ip/pmi/pmi_ice40up.v(6): analyzing included file c:/lscc/radiant/2023.1/ip/pmi/pmi_fifo_dc.v. VERI-1328
INFO <35901328> - synthesis: c:/lscc/radiant/2023.1/ip/pmi/pmi_fifo_dc.v(47): analyzing included file c:/lscc/radiant/2023.1/ip/pmi/../avant/fifo_dc/rtl/lscc_fifo_dc.v. VERI-1328
INFO <35901328> - synthesis: c:/lscc/radiant/2023.1/ip/pmi/pmi_ice40up.v(7): analyzing included file c:/lscc/radiant/2023.1/ip/pmi/pmi_mac.v. VERI-1328
INFO <35901328> - synthesis: c:/lscc/radiant/2023.1/ip/pmi/pmi_mac.v(52): analyzing included file c:/lscc/radiant/2023.1/ip/pmi/../common/mult_accumulate/rtl/lscc_mult_accumulate.v. VERI-1328
INFO <35901328> - synthesis: c:/lscc/radiant/2023.1/ip/pmi/pmi_ice40up.v(8): analyzing included file c:/lscc/radiant/2023.1/ip/pmi/pmi_multaddsubsum.v. VERI-1328
INFO <35901328> - synthesis: c:/lscc/radiant/2023.1/ip/pmi/pmi_multaddsubsum.v(53): analyzing included file c:/lscc/radiant/2023.1/ip/pmi/../common/mult_add_sub_sum/rtl/lscc_mult_add_sub_sum.v. VERI-1328
INFO <35901328> - synthesis: c:/lscc/radiant/2023.1/ip/pmi/pmi_ice40up.v(9): analyzing included file c:/lscc/radiant/2023.1/ip/pmi/pmi_multaddsub.v. VERI-1328
INFO <35901328> - synthesis: c:/lscc/radiant/2023.1/ip/pmi/pmi_multaddsub.v(52): analyzing included file c:/lscc/radiant/2023.1/ip/pmi/../common/mult_add_sub/rtl/lscc_mult_add_sub.v. VERI-1328
INFO <35901328> - synthesis: c:/lscc/radiant/2023.1/ip/pmi/pmi_ice40up.v(10): analyzing included file c:/lscc/radiant/2023.1/ip/pmi/pmi_mult.v. VERI-1328
INFO <35901328> - synthesis: c:/lscc/radiant/2023.1/ip/pmi/pmi_mult.v(51): analyzing included file c:/lscc/radiant/2023.1/ip/pmi/../common/multiplier/rtl/lscc_multiplier.v. VERI-1328
INFO <35901328> - synthesis: c:/lscc/radiant/2023.1/ip/pmi/pmi_ice40up.v(11): analyzing included file c:/lscc/radiant/2023.1/ip/pmi/pmi_ram_dp.v. VERI-1328
INFO <35901328> - synthesis: c:/lscc/radiant/2023.1/ip/pmi/pmi_ram_dp.v(48): analyzing included file c:/lscc/radiant/2023.1/ip/pmi/../avant/ram_dp/rtl/lscc_ram_dp.v. VERI-1328
INFO <35901328> - synthesis: c:/lscc/radiant/2023.1/ip/pmi/pmi_ice40up.v(12): analyzing included file c:/lscc/radiant/2023.1/ip/pmi/pmi_ram_dq.v. VERI-1328
INFO <35901328> - synthesis: c:/lscc/radiant/2023.1/ip/pmi/pmi_ram_dq.v(45): analyzing included file c:/lscc/radiant/2023.1/ip/pmi/../avant/ram_dq/rtl/lscc_ram_dq.v. VERI-1328
INFO <35901328> - synthesis: c:/lscc/radiant/2023.1/ip/pmi/pmi_ice40up.v(13): analyzing included file c:/lscc/radiant/2023.1/ip/pmi/pmi_rom.v. VERI-1328
INFO <35901328> - synthesis: c:/lscc/radiant/2023.1/ip/pmi/pmi_rom.v(45): analyzing included file c:/lscc/radiant/2023.1/ip/pmi/../avant/rom/rtl/lscc_rom.v. VERI-1328
INFO <35901328> - synthesis: c:/lscc/radiant/2023.1/ip/pmi/pmi_ice40up.v(14): analyzing included file c:/lscc/radiant/2023.1/ip/pmi/pmi_sub.v. VERI-1328
INFO <35901328> - synthesis: c:/lscc/radiant/2023.1/ip/pmi/pmi_sub.v(50): analyzing included file c:/lscc/radiant/2023.1/ip/pmi/../common/subtractor/rtl/lscc_subtractor.v. VERI-1328
INFO <35901328> - synthesis: c:/lscc/radiant/2023.1/ip/pmi/pmi_ice40up.v(15): analyzing included file c:/lscc/radiant/2023.1/ip/pmi/pmi_ram_dp_be.v. VERI-1328
INFO <35901328> - synthesis: c:/lscc/radiant/2023.1/ip/pmi/pmi_ram_dp_be.v(49): analyzing included file c:/lscc/radiant/2023.1/ip/pmi/../avant/ram_dp/rtl/lscc_ram_dp.v. VERI-1328
INFO <35901328> - synthesis: c:/lscc/radiant/2023.1/ip/pmi/pmi_ice40up.v(16): analyzing included file c:/lscc/radiant/2023.1/ip/pmi/pmi_ram_dq_be.v. VERI-1328
INFO <35901328> - synthesis: c:/lscc/radiant/2023.1/ip/pmi/pmi_ram_dq_be.v(45): analyzing included file c:/lscc/radiant/2023.1/ip/pmi/../avant/ram_dq/rtl/lscc_ram_dq.v. VERI-1328
INFO <35901328> - synthesis: c:/lscc/radiant/2023.1/ip/pmi/pmi_ice40up.v(17): analyzing included file c:/lscc/radiant/2023.1/ip/pmi/pmi_dsp.v. VERI-1328
Analyzing Verilog file z:/radiant/jumbodash/jumbodash/mypll/rtl/mypll.v. VERI-1482
Analyzing VHDL file c:/lscc/radiant/2023.1/ip/pmi/pmi_ice40up.vhd. VHDL-1481
Analyzing VHDL file c:/lscc/radiant/2023.1/ip/pmi/pmi_ice40up.vhd

INFO <35921014> - synthesis: c:/lscc/radiant/2023.1/ip/pmi/pmi_ice40up.vhd(4): analyzing package components. VHDL-1014
Analyzing VHDL file z:/radiant/jumbodash/jumbodash/source/impl_1/top.vhd. VHDL-1481
Analyzing VHDL file z:/radiant/jumbodash/jumbodash/source/impl_1/top.vhd

INFO <35921012> - synthesis: z:/radiant/jumbodash/jumbodash/source/impl_1/top.vhd(5): analyzing entity top. VHDL-1012
INFO <35921010> - synthesis: z:/radiant/jumbodash/jumbodash/source/impl_1/top.vhd(18): analyzing architecture synth. VHDL-1010
Analyzing VHDL file z:/radiant/jumbodash/jumbodash/source/impl_1/vga.vhd. VHDL-1481
Analyzing VHDL file z:/radiant/jumbodash/jumbodash/source/impl_1/vga.vhd

INFO <35921012> - synthesis: z:/radiant/jumbodash/jumbodash/source/impl_1/vga.vhd(5): analyzing entity vga. VHDL-1012
INFO <35921010> - synthesis: z:/radiant/jumbodash/jumbodash/source/impl_1/vga.vhd(16): analyzing architecture synth. VHDL-1010
Analyzing VHDL file z:/radiant/jumbodash/jumbodash/source/impl_1/rom.vhd. VHDL-1481
Analyzing VHDL file z:/radiant/jumbodash/jumbodash/source/impl_1/rom.vhd

INFO <35921012> - synthesis: z:/radiant/jumbodash/jumbodash/source/impl_1/rom.vhd(5): analyzing entity romaddress. VHDL-1012
INFO <35921010> - synthesis: z:/radiant/jumbodash/jumbodash/source/impl_1/rom.vhd(17): analyzing architecture synth. VHDL-1010
Analyzing VHDL file z:/radiant/jumbodash/jumbodash/source/impl_1/cube_gen.vhd. VHDL-1481
Analyzing VHDL file z:/radiant/jumbodash/jumbodash/source/impl_1/cube_gen.vhd

INFO <35921012> - synthesis: z:/radiant/jumbodash/jumbodash/source/impl_1/cube_gen.vhd(5): analyzing entity cube_gen. VHDL-1012
INFO <35921010> - synthesis: z:/radiant/jumbodash/jumbodash/source/impl_1/cube_gen.vhd(15): analyzing architecture synth. VHDL-1010
Analyzing VHDL file z:/radiant/jumbodash/jumbodash/source/impl_1/jump.vhd. VHDL-1481
Analyzing VHDL file z:/radiant/jumbodash/jumbodash/source/impl_1/jump.vhd

INFO <35921012> - synthesis: z:/radiant/jumbodash/jumbodash/source/impl_1/jump.vhd(5): analyzing entity jump. VHDL-1012
INFO <35921010> - synthesis: z:/radiant/jumbodash/jumbodash/source/impl_1/jump.vhd(13): analyzing architecture synth. VHDL-1010
Analyzing VHDL file z:/radiant/jumbodash/jumbodash/source/impl_1/controller.vhd. VHDL-1481
Analyzing VHDL file z:/radiant/jumbodash/jumbodash/source/impl_1/controller.vhd

INFO <35921012> - synthesis: z:/radiant/jumbodash/jumbodash/source/impl_1/controller.vhd(5): analyzing entity controller. VHDL-1012
INFO <35921010> - synthesis: z:/radiant/jumbodash/jumbodash/source/impl_1/controller.vhd(14): analyzing architecture synth. VHDL-1010
INFO <35921504> - synthesis: The default VHDL library search path is now "Z:/Radiant/JumboDash/JumboDash/impl_1". VHDL-1504
Top module language type = VHDL.
WARNING <35935049> - synthesis: input port sclk_i remains unconnected for this instance. VDB-5049
WARNING <35935049> - synthesis: input port sdi_i remains unconnected for this instance. VDB-5049
Top module name (VHDL, mixed language): top
                                                         


### Number of Logic Cells: 5280


### Number of RAM Blocks: 30


### Number of DSP Blocks: 8


### Number of PLLs: 1


### Number of IO Pins: 56


##########################################################


                                                         


WARNING <35935047> - synthesis: Unused instance HSOSCclock is removed. VDB-5047
WARNING <35001771> - synthesis: Initial value found on net HSYNC will be ignored due to unrecognized driver type
WARNING <35001771> - synthesis: Initial value found on net VSYNC will be ignored due to unrecognized driver type
WARNING <35001771> - synthesis: Initial value found on net valid will be ignored due to unrecognized driver type
WARNING <35001771> - synthesis: Initial value found on net cube_bot[9] will be ignored due to unrecognized driver type
WARNING <35001771> - synthesis: Initial value found on net cube_bot[8] will be ignored due to unrecognized driver type
WARNING <35001771> - synthesis: Initial value found on net cube_bot[7] will be ignored due to unrecognized driver type
WARNING <35001771> - synthesis: Initial value found on net cube_bot[6] will be ignored due to unrecognized driver type
WARNING <35001771> - synthesis: Initial value found on net cube_bot[5] will be ignored due to unrecognized driver type
WARNING <35001771> - synthesis: Initial value found on net cube_bot[4] will be ignored due to unrecognized driver type
WARNING <35001771> - synthesis: Initial value found on net cube_bot[3] will be ignored due to unrecognized driver type
WARNING <35001771> - synthesis: Initial value found on net cube_bot[2] will be ignored due to unrecognized driver type
WARNING <35001771> - synthesis: Initial value found on net cube_bot[1] will be ignored due to unrecognized driver type
WARNING <35001771> - synthesis: Initial value found on net cube_bot[0] will be ignored due to unrecognized driver type
WARNING <35935049> - synthesis: input port sclk_i remains unconnected for this instance. VDB-5049
WARNING <35935049> - synthesis: input port sdi_i remains unconnected for this instance. VDB-5049
WARNING <35931002> - synthesis: z:/radiant/jumbodash/jumbodash/mypll/rtl/mypll.v(139): net \mypll_1/lscc_pll_inst/sclk_i does not have a driver. VDB-1002
WARNING <35931002> - synthesis: z:/radiant/jumbodash/jumbodash/mypll/rtl/mypll.v(140): net \mypll_1/lscc_pll_inst/sdi_i does not have a driver. VDB-1002
######## Missing driver on net \mypll_1/lscc_pll_inst/sclk_i. Patching with GND.
######## Missing driver on net \mypll_1/lscc_pll_inst/sdi_i. Patching with GND.



Combinational loop found : 1

 Net ledController_c_7 

 Instance \controller1/mux_12_i8 

Combinational loop found : 2

 Net ledController_c_0 

 Instance \controller1/mux_12_i1 

Combinational loop found : 3

 Net ledController_c_1 

 Instance \controller1/mux_12_i2 

Combinational loop found : 4

 Net ledController_c_2 

 Instance \controller1/mux_12_i3 

Combinational loop found : 5

 Net ledController_c_3 

 Instance \controller1/mux_12_i4 

Combinational loop found : 6

 Net ledController_c_4 

 Instance \controller1/mux_12_i5 

Combinational loop found : 7

 Net ledController_c_5 

 Instance \controller1/mux_12_i6 

Combinational loop found : 8

 Net ledController_c_6 

 Instance \controller1/mux_12_i7 


################### Begin Area Report (top)######################
Number of register bits => 85 of 5280 (1 % )
CCU2 => 48
FD1P3XZ => 85
HSOSC_CORE => 1
IB => 2
LUT4 => 119
OB => 18
PLL_B => 1
################### End Area Report ##################
Number of odd-length carry chains : 1
Number of even-length carry chains : 6

################### Begin Clock Report ######################
Clock Nets
Number of Clocks: 3
  Net : controller1/controlClk_c, loads : 1
  Net : fpga_clk_c, loads : 1
  Net : mypll_1/lscc_pll_inst/vga_clk, loads : 0
Clock Enable Nets
Number of Clock Enables: 0
Highest fanout non-clock nets
Top 10 highest fanout non-clock nets:
  Net : jump1/slowClk, loads : 21
  Net : controller1/clk, loads : 17
  Net : jump1/cube_bot[3], loads : 12
  Net : jump1/cube_bot[2], loads : 12
  Net : jump1/cube_bot[6], loads : 11
  Net : vga_1/col_0__N_51, loads : 11
  Net : vga_1/row_0__N_31, loads : 11
  Net : jump1/cube_bot[7], loads : 10
  Net : jump1/cube_bot[5], loads : 10
  Net : jump1/cube_bot[4], loads : 10
################### End Clock Report ##################

Peak Memory Usage: 111 MB

--------------------------------------------------------------
Total CPU Time: 3 secs 
Total REAL Time: 4 secs 
--------------------------------------------------------------
